-------------------------------------------------------------------------------
Test set: com.ftn.isa.projekat.user.userCore.controller.UserControllerTest
-------------------------------------------------------------------------------
Tests run: 6, Failures: 1, Errors: 0, Skipped: 0, Time elapsed: 13.933 s <<< FAILURE! - in com.ftn.isa.projekat.user.userCore.controller.UserControllerTest
testLogin(com.ftn.isa.projekat.user.userCore.controller.UserControllerTest)  Time elapsed: 0.405 s  <<< FAILURE!
java.lang.AssertionError: Status expected:<200> but was:<400>
	at com.ftn.isa.projekat.user.userCore.controller.UserControllerTest.testLogin(UserControllerTest.java:98)

