<?xml version="1.0" encoding="UTF-8"?>
<testsuite xmlns:xsi="http://www.w3.org/2001/XMLSchema-instance" xsi:noNamespaceSchemaLocation="https://maven.apache.org/surefire/maven-surefire-plugin/xsd/surefire-test-report.xsd" name="com.ftn.isa.projekat.user.userCore.controller.UserControllerTest" time="13.933" tests="6" errors="0" skipped="0" failures="1">
  <properties>
[...]
</properties>
  <testcase name="testLogin" classname="com.ftn.isa.projekat.user.userCore.controller.UserControllerTest" time="0.405">
    <failure message="Status expected:&lt;200&gt; but was:&lt;400&gt;" type="java.lang.AssertionError"><![CDATA[java.lang.AssertionError: Status expected:<200> but was:<400>
	at com.ftn.isa.projekat.user.userCore.controller.UserControllerTest.testLogin(UserControllerTest.java:98)
]]></failure>
    <system-out><![CDATA[16:19:06.327 [main] DEBUG org.springframework.test.context.junit4.SpringJUnit4ClassRunner - SpringJUnit4ClassRunner constructor called with [class com.ftn.isa.projekat.user.userCore.controller.UserControllerTest]
16:19:06.332 [main] DEBUG org.springframework.test.context.BootstrapUtils - Instantiating CacheAwareContextLoaderDelegate from class [org.springframework.test.context.cache.DefaultCacheAwareContextLoaderDelegate]
16:19:06.342 [main] DEBUG org.springframework.test.context.BootstrapUtils - Instantiating BootstrapContext using constructor [public org.springframework.test.context.support.DefaultBootstrapContext(java.lang.Class,org.springframework.test.context.CacheAwareContextLoaderDelegate)]
16:19:06.370 [main] DEBUG org.springframework.test.context.BootstrapUtils - Instantiating TestContextBootstrapper for test class [com.ftn.isa.projekat.user.userCore.controller.UserControllerTest] from class [org.springframework.boot.test.context.SpringBootTestContextBootstrapper]
16:19:06.387 [main] INFO org.springframework.boot.test.context.SpringBootTestContextBootstrapper - Neither @ContextConfiguration nor @ContextHierarchy found for test class [com.ftn.isa.projekat.user.userCore.controller.UserControllerTest], using SpringBootContextLoader
16:19:06.394 [main] DEBUG org.springframework.test.context.support.AbstractContextLoader - Did not detect default resource location for test class [com.ftn.isa.projekat.user.userCore.controller.UserControllerTest]: class path resource [com/ftn/isa/projekat/user/userCore/controller/UserControllerTest-context.xml] does not exist
16:19:06.395 [main] DEBUG org.springframework.test.context.support.AbstractContextLoader - Did not detect default resource location for test class [com.ftn.isa.projekat.user.userCore.controller.UserControllerTest]: class path resource [com/ftn/isa/projekat/user/userCore/controller/UserControllerTestContext.groovy] does not exist
16:19:06.395 [main] INFO org.springframework.test.context.support.AbstractContextLoader - Could not detect default resource locations for test class [com.ftn.isa.projekat.user.userCore.controller.UserControllerTest]: no resource found for suffixes {-context.xml, Context.groovy}.
16:19:06.396 [main] INFO org.springframework.test.context.support.AnnotationConfigContextLoaderUtils - Could not detect default configuration classes for test class [com.ftn.isa.projekat.user.userCore.controller.UserControllerTest]: UserControllerTest does not declare any static, non-private, non-final, nested classes annotated with @Configuration.
16:19:06.471 [main] DEBUG org.springframework.test.context.support.ActiveProfilesUtils - Could not find an 'annotation declaring class' for annotation type [org.springframework.test.context.ActiveProfiles] and class [com.ftn.isa.projekat.user.userCore.controller.UserControllerTest]
16:19:06.583 [main] DEBUG org.springframework.context.annotation.ClassPathScanningCandidateComponentProvider - Identified candidate component class: file [C:\Users\Korisnik\Desktop\ISA_Project\ISA-project\userMicroservice\userCore\target\classes\com\ftn\isa\projekat\user\userCore\UserApplication.class]
16:19:06.586 [main] INFO org.springframework.boot.test.context.SpringBootTestContextBootstrapper - Found @SpringBootConfiguration com.ftn.isa.projekat.user.userCore.UserApplication for test class com.ftn.isa.projekat.user.userCore.controller.UserControllerTest
16:19:06.700 [main] DEBUG org.springframework.boot.test.context.SpringBootTestContextBootstrapper - @TestExecutionListeners is not present for class [com.ftn.isa.projekat.user.userCore.controller.UserControllerTest]: using defaults.
16:19:06.701 [main] INFO org.springframework.boot.test.context.SpringBootTestContextBootstrapper - Loaded default TestExecutionListener class names from location [META-INF/spring.factories]: [org.springframework.boot.test.mock.mockito.MockitoTestExecutionListener, org.springframework.boot.test.mock.mockito.ResetMocksTestExecutionListener, org.springframework.boot.test.autoconfigure.restdocs.RestDocsTestExecutionListener, org.springframework.boot.test.autoconfigure.web.client.MockRestServiceServerResetTestExecutionListener, org.springframework.boot.test.autoconfigure.web.servlet.MockMvcPrintOnlyOnFailureTestExecutionListener, org.springframework.boot.test.autoconfigure.web.servlet.WebDriverTestExecutionListener, org.springframework.test.context.web.ServletTestExecutionListener, org.springframework.test.context.support.DirtiesContextBeforeModesTestExecutionListener, org.springframework.test.context.support.DependencyInjectionTestExecutionListener, org.springframework.test.context.support.DirtiesContextTestExecutionListener, org.springframework.test.context.transaction.TransactionalTestExecutionListener, org.springframework.test.context.jdbc.SqlScriptsTestExecutionListener]
16:19:06.729 [main] INFO org.springframework.boot.test.context.SpringBootTestContextBootstrapper - Using TestExecutionListeners: [org.springframework.test.context.web.ServletTestExecutionListener@683dbc2c, org.springframework.test.context.support.DirtiesContextBeforeModesTestExecutionListener@68267da0, org.springframework.boot.test.mock.mockito.MockitoTestExecutionListener@2638011, org.springframework.boot.test.autoconfigure.SpringBootDependencyInjectionTestExecutionListener@6ff29830, org.springframework.test.context.support.DirtiesContextTestExecutionListener@6a2b953e, org.springframework.test.context.transaction.TransactionalTestExecutionListener@313b2ea6, org.springframework.test.context.jdbc.SqlScriptsTestExecutionListener@2f465398, org.springframework.boot.test.mock.mockito.ResetMocksTestExecutionListener@548e6d58, org.springframework.boot.test.autoconfigure.restdocs.RestDocsTestExecutionListener@623a8092, org.springframework.boot.test.autoconfigure.web.client.MockRestServiceServerResetTestExecutionListener@a1cdc6d, org.springframework.boot.test.autoconfigure.web.servlet.MockMvcPrintOnlyOnFailureTestExecutionListener@175b9425, org.springframework.boot.test.autoconfigure.web.servlet.WebDriverTestExecutionListener@3098cf3b]
16:19:06.731 [main] DEBUG org.springframework.test.annotation.ProfileValueUtils - Retrieved @ProfileValueSourceConfiguration [null] for test class [com.ftn.isa.projekat.user.userCore.controller.UserControllerTest]
16:19:06.732 [main] DEBUG org.springframework.test.annotation.ProfileValueUtils - Retrieved ProfileValueSource type [class org.springframework.test.annotation.SystemProfileValueSource] for class [com.ftn.isa.projekat.user.userCore.controller.UserControllerTest]
16:19:06.734 [main] DEBUG org.springframework.test.annotation.ProfileValueUtils - Retrieved @ProfileValueSourceConfiguration [null] for test class [com.ftn.isa.projekat.user.userCore.controller.UserControllerTest]
16:19:06.734 [main] DEBUG org.springframework.test.annotation.ProfileValueUtils - Retrieved ProfileValueSource type [class org.springframework.test.annotation.SystemProfileValueSource] for class [com.ftn.isa.projekat.user.userCore.controller.UserControllerTest]
16:19:06.735 [main] DEBUG org.springframework.test.annotation.ProfileValueUtils - Retrieved @ProfileValueSourceConfiguration [null] for test class [com.ftn.isa.projekat.user.userCore.controller.UserControllerTest]
16:19:06.736 [main] DEBUG org.springframework.test.annotation.ProfileValueUtils - Retrieved ProfileValueSource type [class org.springframework.test.annotation.SystemProfileValueSource] for class [com.ftn.isa.projekat.user.userCore.controller.UserControllerTest]
16:19:06.742 [main] DEBUG org.springframework.test.context.support.AbstractDirtiesContextTestExecutionListener - Before test class: context [DefaultTestContext@186f8716 testClass = UserControllerTest, testInstance = [null], testMethod = [null], testException = [null], mergedContextConfiguration = [WebMergedContextConfiguration@1d8bd0de testClass = UserControllerTest, locations = '{}', classes = '{class com.ftn.isa.projekat.user.userCore.UserApplication}', contextInitializerClasses = '[]', activeProfiles = '{}', propertySourceLocations = '{}', propertySourceProperties = '{org.springframework.boot.test.context.SpringBootTestContextBootstrapper=true}', contextCustomizers = set[org.springframework.boot.test.context.filter.ExcludeFilterContextCustomizer@6385cb26, org.springframework.boot.test.json.DuplicateJsonObjectContextCustomizerFactory$DuplicateJsonObjectContextCustomizer@146044d7, org.springframework.boot.test.mock.mockito.MockitoContextCustomizer@0, org.springframework.boot.test.web.client.TestRestTemplateContextCustomizer@f0f2775, org.springframework.boot.test.autoconfigure.properties.PropertyMappingContextCustomizer@0, org.springframework.boot.test.autoconfigure.web.servlet.WebDriverContextCustomizerFactory$Customizer@564718df], resourceBasePath = 'src/main/webapp', contextLoader = 'org.springframework.boot.test.context.SpringBootContextLoader', parent = [null]], attributes = map['org.springframework.test.context.web.ServletTestExecutionListener.activateListener' -> true]], class annotated with @DirtiesContext [false] with mode [null].
16:19:06.742 [main] DEBUG org.springframework.test.annotation.ProfileValueUtils - Retrieved @ProfileValueSourceConfiguration [null] for test class [com.ftn.isa.projekat.user.userCore.controller.UserControllerTest]
16:19:06.743 [main] DEBUG org.springframework.test.annotation.ProfileValueUtils - Retrieved ProfileValueSource type [class org.springframework.test.annotation.SystemProfileValueSource] for class [com.ftn.isa.projekat.user.userCore.controller.UserControllerTest]
16:19:06.783 [main] DEBUG org.springframework.test.context.support.TestPropertySourceUtils - Adding inlined properties to environment: {spring.jmx.enabled=false, org.springframework.boot.test.context.SpringBootTestContextBootstrapper=true, server.port=-1}
2019-02-22 16:19:08.596  INFO 12616 --- [           main] trationDelegate$BeanPostProcessorChecker : Bean 'configurationPropertiesRebinderAutoConfiguration' of type [org.springframework.cloud.autoconfigure.ConfigurationPropertiesRebinderAutoConfiguration$$EnhancerBySpringCGLIB$$6bf4a8e2] is not eligible for getting processed by all BeanPostProcessors (for example: not eligible for auto-proxying)

  .   ____          _            __ _ _
 /\\ / ___'_ __ _ _(_)_ __  __ _ \ \ \ \
( ( )\___ | '_ | '_| | '_ \/ _` | \ \ \ \
 \\/  ___)| |_)| | | | | || (_| |  ) ) ) )
  '  |____| .__|_| |_|_| |_\__, | / / / /
 =========|_|==============|___/=/_/_/_/
 :: Spring Boot ::        (v2.1.0.RELEASE)

2019-02-22 16:19:09.961  INFO 12616 --- [           main] c.f.i.p.u.u.c.UserControllerTest         : No active profile set, falling back to default profiles: default
2019-02-22 16:19:10.442  INFO 12616 --- [           main] .s.d.r.c.RepositoryConfigurationDelegate : Bootstrapping Spring Data repositories in DEFAULT mode.
2019-02-22 16:19:10.565  INFO 12616 --- [           main] .s.d.r.c.RepositoryConfigurationDelegate : Finished Spring Data repository scanning in 114ms. Found 3 repository interfaces.
2019-02-22 16:19:11.254  INFO 12616 --- [           main] o.s.cloud.context.scope.GenericScope     : BeanFactory id=3685b92e-2045-3b06-a6fe-b231b1cba52b
2019-02-22 16:19:11.508  INFO 12616 --- [           main] trationDelegate$BeanPostProcessorChecker : Bean 'org.springframework.transaction.annotation.ProxyTransactionManagementConfiguration' of type [org.springframework.transaction.annotation.ProxyTransactionManagementConfiguration$$EnhancerBySpringCGLIB$$4fdaa5e5] is not eligible for getting processed by all BeanPostProcessors (for example: not eligible for auto-proxying)
2019-02-22 16:19:11.565  INFO 12616 --- [           main] trationDelegate$BeanPostProcessorChecker : Bean 'org.springframework.cloud.autoconfigure.ConfigurationPropertiesRebinderAutoConfiguration' of type [org.springframework.cloud.autoconfigure.ConfigurationPropertiesRebinderAutoConfiguration$$EnhancerBySpringCGLIB$$6bf4a8e2] is not eligible for getting processed by all BeanPostProcessors (for example: not eligible for auto-proxying)
2019-02-22 16:19:11.881  INFO 12616 --- [           main] com.zaxxer.hikari.HikariDataSource       : HikariPool-1 - Starting...
2019-02-22 16:19:12.774  INFO 12616 --- [           main] com.zaxxer.hikari.HikariDataSource       : HikariPool-1 - Start completed.
2019-02-22 16:19:12.888  INFO 12616 --- [           main] o.hibernate.jpa.internal.util.LogHelper  : HHH000204: Processing PersistenceUnitInfo [
	name: default
	...]
2019-02-22 16:19:13.002  INFO 12616 --- [           main] org.hibernate.Version                    : HHH000412: Hibernate Core {5.3.7.Final}
2019-02-22 16:19:13.004  INFO 12616 --- [           main] org.hibernate.cfg.Environment            : HHH000206: hibernate.properties not found
2019-02-22 16:19:13.210  INFO 12616 --- [           main] o.hibernate.annotations.common.Version   : HCANN000001: Hibernate Commons Annotations {5.0.4.Final}
2019-02-22 16:19:13.363  INFO 12616 --- [           main] org.hibernate.dialect.Dialect            : HHH000400: Using dialect: org.hibernate.dialect.MySQL5Dialect
2019-02-22 16:19:15.303  INFO 12616 --- [           main] j.LocalContainerEntityManagerFactoryBean : Initialized JPA EntityManagerFactory for persistence unit 'default'
2019-02-22 16:19:16.411  WARN 12616 --- [           main] o.s.c.n.a.ArchaiusAutoConfiguration      : No spring.application.name found, defaulting to 'application'
2019-02-22 16:19:16.420  WARN 12616 --- [           main] c.n.c.sources.URLConfigurationSource     : No URLs will be polled as dynamic configuration sources.
2019-02-22 16:19:16.421  INFO 12616 --- [           main] c.n.c.sources.URLConfigurationSource     : To enable URLs as dynamic configuration sources, define System property archaius.configurationSource.additionalUrls or make config.properties available on classpath.
2019-02-22 16:19:16.433  WARN 12616 --- [           main] c.n.c.sources.URLConfigurationSource     : No URLs will be polled as dynamic configuration sources.
2019-02-22 16:19:16.434  INFO 12616 --- [           main] c.n.c.sources.URLConfigurationSource     : To enable URLs as dynamic configuration sources, define System property archaius.configurationSource.additionalUrls or make config.properties available on classpath.
2019-02-22 16:19:17.083  INFO 12616 --- [           main] o.s.s.concurrent.ThreadPoolTaskExecutor  : Initializing ExecutorService 'applicationTaskExecutor'
2019-02-22 16:19:17.175  WARN 12616 --- [           main] aWebConfiguration$JpaWebMvcConfiguration : spring.jpa.open-in-view is enabled by default. Therefore, database queries may be performed during view rendering. Explicitly configure spring.jpa.open-in-view to disable this warning
2019-02-22 16:19:19.076  INFO 12616 --- [           main] o.s.cloud.commons.util.InetUtils         : Cannot determine local hostname
2019-02-22 16:19:19.341  INFO 12616 --- [           main] c.f.i.p.u.u.c.UserControllerTest         : Started UserControllerTest in 12.543 seconds (JVM running for 13.706)
2019-02-22 16:19:19.373  INFO 12616 --- [           main] o.s.t.c.transaction.TransactionContext   : Began transaction (1) for test context [DefaultTestContext@186f8716 testClass = UserControllerTest, testInstance = com.ftn.isa.projekat.user.userCore.controller.UserControllerTest@5cd701e4, testMethod = testLogin@UserControllerTest, testException = [null], mergedContextConfiguration = [WebMergedContextConfiguration@1d8bd0de testClass = UserControllerTest, locations = '{}', classes = '{class com.ftn.isa.projekat.user.userCore.UserApplication}', contextInitializerClasses = '[]', activeProfiles = '{}', propertySourceLocations = '{}', propertySourceProperties = '{org.springframework.boot.test.context.SpringBootTestContextBootstrapper=true}', contextCustomizers = set[org.springframework.boot.test.context.filter.ExcludeFilterContextCustomizer@6385cb26, org.springframework.boot.test.json.DuplicateJsonObjectContextCustomizerFactory$DuplicateJsonObjectContextCustomizer@146044d7, org.springframework.boot.test.mock.mockito.MockitoContextCustomizer@0, org.springframework.boot.test.web.client.TestRestTemplateContextCustomizer@f0f2775, org.springframework.boot.test.autoconfigure.properties.PropertyMappingContextCustomizer@0, org.springframework.boot.test.autoconfigure.web.servlet.WebDriverContextCustomizerFactory$Customizer@564718df], resourceBasePath = 'src/main/webapp', contextLoader = 'org.springframework.boot.test.context.SpringBootContextLoader', parent = [null]], attributes = map['org.springframework.test.context.web.ServletTestExecutionListener.activateListener' -> true, 'org.springframework.test.context.web.ServletTestExecutionListener.populatedRequestContextHolder' -> true, 'org.springframework.test.context.web.ServletTestExecutionListener.resetRequestContextHolder' -> true]]; transaction manager [org.springframework.orm.jpa.JpaTransactionManager@3bc891f2]; rollback [true]
2019-02-22 16:19:19.432  INFO 12616 --- [           main] o.s.b.t.m.w.SpringBootMockServletContext : Initializing Spring TestDispatcherServlet ''
2019-02-22 16:19:19.432  INFO 12616 --- [           main] o.s.t.web.servlet.TestDispatcherServlet  : Initializing Servlet ''
2019-02-22 16:19:19.449  INFO 12616 --- [           main] o.s.t.web.servlet.TestDispatcherServlet  : Completed initialization in 17 ms
2019-02-22 16:19:19.594  INFO 12616 --- [           main] o.h.h.i.QueryTranslatorFactoryInitiator  : HHH000397: Using ASTQueryTranslatorFactory
2019-02-22 16:19:19.760  INFO 12616 --- [           main] o.s.t.c.transaction.TransactionContext   : Rolled back transaction for test: [DefaultTestContext@186f8716 testClass = UserControllerTest, testInstance = com.ftn.isa.projekat.user.userCore.controller.UserControllerTest@5cd701e4, testMethod = testLogin@UserControllerTest, testException = java.lang.AssertionError: Status expected:<200> but was:<400>, mergedContextConfiguration = [WebMergedContextConfiguration@1d8bd0de testClass = UserControllerTest, locations = '{}', classes = '{class com.ftn.isa.projekat.user.userCore.UserApplication}', contextInitializerClasses = '[]', activeProfiles = '{}', propertySourceLocations = '{}', propertySourceProperties = '{org.springframework.boot.test.context.SpringBootTestContextBootstrapper=true}', contextCustomizers = set[org.springframework.boot.test.context.filter.ExcludeFilterContextCustomizer@6385cb26, org.springframework.boot.test.json.DuplicateJsonObjectContextCustomizerFactory$DuplicateJsonObjectContextCustomizer@146044d7, org.springframework.boot.test.mock.mockito.MockitoContextCustomizer@0, org.springframework.boot.test.web.client.TestRestTemplateContextCustomizer@f0f2775, org.springframework.boot.test.autoconfigure.properties.PropertyMappingContextCustomizer@0, org.springframework.boot.test.autoconfigure.web.servlet.WebDriverContextCustomizerFactory$Customizer@564718df], resourceBasePath = 'src/main/webapp', contextLoader = 'org.springframework.boot.test.context.SpringBootContextLoader', parent = [null]], attributes = map['org.springframework.test.context.web.ServletTestExecutionListener.activateListener' -> true, 'org.springframework.test.context.web.ServletTestExecutionListener.populatedRequestContextHolder' -> true, 'org.springframework.test.context.web.ServletTestExecutionListener.resetRequestContextHolder' -> true]]
]]></system-out>
  </testcase>
  <testcase name="testGetOneById" classname="com.ftn.isa.projekat.user.userCore.controller.UserControllerTest" time="0.055"/>
  <testcase name="testActivate" classname="com.ftn.isa.projekat.user.userCore.controller.UserControllerTest" time="0.025"/>
  <testcase name="testDeleteById" classname="com.ftn.isa.projekat.user.userCore.controller.UserControllerTest" time="0.019"/>
  <testcase name="testGetAll" classname="com.ftn.isa.projekat.user.userCore.controller.UserControllerTest" time="0.021"/>
  <testcase name="testUpdate" classname="com.ftn.isa.projekat.user.userCore.controller.UserControllerTest" time="0.024"/>
</testsuite>